
$ sui client publish --skip-fetch-latest-git-deps --skip-dependency-verification  --gas-budget 3000000000                                                                                                                                       


INCLUDING DEPENDENCY Sui                                                                                                                                                                                                                        
INCLUDING DEPENDENCY MoveStdlib                                                                                                                                                                                                                 
BUILDING sui_move_start                                                                                                                                                                                                                         
Total number of linter warnings suppressed: 1 (filtered categories: 1)                                                                                                                                                                          
Skipping dependency verification                                                                                                                                                                                                                
----- Transaction Digest ----                                                                                                                                                                                                                   
GG7e8TjMyt5A4k9gw7zmVfNp4T77seSv2L19oyR4CxvG                                                                                                                                                                                                    
╭─────────────────────────────────────────────────────────────────────────────────────────────────────────────────────────────────────────────────────────────╮                                                                                 
│ Transaction Data                                                                                                                                            │                                                                                 
├─────────────────────────────────────────────────────────────────────────────────────────────────────────────────────────────────────────────────────────────┤                                                                                 
│ Sender: 0xc6e7d97fc313de140b159e7ccf7b7479780ae704763fd4957c7fecbb7de9a89a                                                                                  │                                                                                 
│ Gas Owner: 0xc6e7d97fc313de140b159e7ccf7b7479780ae704763fd4957c7fecbb7de9a89a                                                                               │                                                                                 
│ Gas Budget: 3000000000                                                                                                                                      │                                                                                 
│ Gas Price: 1000                                                                                                                                             │                                                                                 
│ Gas Payment:                                                                                                                                                │                                                                                 
│  ┌──                                                                                                                                                        │                                                                                 
│  │ ID: 0x0fdf54b59043ef81b721134b62cc24a93dca20a691deff7efd07722c38ad3c6d                                                                                   │                                                                                 
│  │ Version: 10                                                                                                                                              │                                                                                 
│  │ Digest: 9oVKgJbyzND4jejimb864fU6o1oNzb8v3dPoAbRW6zxy                                                                                                     │                                                                                 
│  └──                                                                                                                                                        │                                                                                 
│                                                                                                                                                             │                                       
│ Transaction Kind : Programmable                                                                                                                             │                                       
│ Inputs: [Pure(SuiPureValue { value_type: Some(Address), value: "0xc6e7d97fc313de140b159e7ccf7b7479780ae704763fd4957c7fecbb7de9a89a" })]                     │                                       
│ Commands: [                                                                                                                                                 │                                       
│   Publish(<modules>,0x0000000000000000000000000000000000000000000000000000000000000001,0x0000000000000000000000000000000000000000000000000000000000000002), │                                       
│   TransferObjects([Result(0)],Input(0)),                                                                                                                    │                                       
│ ]                                                                                                                                                           │                                       
│                                                                                                                                                             │                                       
│                                                                                                                                                             │                                       
│ Signatures:                                                                                                                                                 │                                       
│    /2WMCZ+c0PO00BfqXgMnBe7jq9XpxAapbroDSG/kYN21NpCNgd0AuFkHcoVk2lKXkGQ0aYzJ2rmvGn34IOxvBA==                                                                 │                                       
│                                                                                                                                                             │                                       
╰─────────────────────────────────────────────────────────────────────────────────────────────────────────────────────────────────────────────────────────────╯             
╭───────────────────────────────────────────────────────────────────────────────────────────────────╮                                                                                                                                           
│ Transaction Effects                                                                               │                                                                                                                                           
├───────────────────────────────────────────────────────────────────────────────────────────────────┤                                                                                                                                           
│ Digest: GG7e8TjMyt5A4k9gw7zmVfNp4T77seSv2L19oyR4CxvG                                              │                                                                                                                                           
│ Status: Success                                                                                   │                                                                                                                                           
│ Executed Epoch: 0                                                                                 │                                                                                                                                           
│                                                                                                   │                                                                                                                                           
│ Created Objects:                                                                                  │                                                                                                                                           
│  ┌──                                                                                              │                                                                                                                                           
│  │ ID: 0x03d9bf1c531b1624be013a9b6e74571e23692bfbebb5c04ff133203a2e9a6447                         │                                                                                                                                           
│  │ Owner: Immutable                                                                               │                                                                                                                                           
│  │ Version: 1                                                                                     │                                                                                                                                           
│  │ Digest: HbVRjoMXd8P5M7GTheHGq98pTmwuF6ENXTuSZbDyjH7o                                           │                                                                                                                                           
│  └──                                                                                              │                                                                                                                                           
│  ┌──                                                                                              │                                                                                                                                           
│  │ ID: 0x45069b1f8998eea42559b20b27c00034f091b7eaa9925c6f6edf8719cb976e59                         │                                                                                                                                           
│  │ Owner: Account Address ( 0xc6e7d97fc313de140b159e7ccf7b7479780ae704763fd4957c7fecbb7de9a89a )  │                                                                                                                                           
│  │ Version: 11                                                                                    │                                                                                                                                           
│  │ Digest: HwHD27EuAwSnYaEtTtToM7AvyvTptAYopd1oeWRCu7Eu                                           │                                                                                                                                           
│  └──                                                                                              │                                                                                                                                           
│                                                                                                   │                                                                                                                                           
│ Mutated Objects:                                                                                  │                                                                                                                                           
│  ┌──                                                                                              │                                                                                                                                           
│  │ ID: 0x0fdf54b59043ef81b721134b62cc24a93dca20a691deff7efd07722c38ad3c6d                         │                                                                                                                                           
│  │ Owner: Account Address ( 0xc6e7d97fc313de140b159e7ccf7b7479780ae704763fd4957c7fecbb7de9a89a )  │                                                                                                                                           
│  │ Version: 11                                                                                    │                                                                                                                                           
│  │ Digest: CC4pKizcgtM6jHm8GVQnYJ24uYwuL5kSahnxGdY42jBx                                           │                                                                                                                                           
│  └──                                                                                              │                                                                                                                                           
│                                                                                                   │                                                                                                                                           
│ Gas Object:                                                                                       │                                                                                                                                           
│  ┌──                                                                                              │                                                                                                                                           
│  │ ID: 0x0fdf54b59043ef81b721134b62cc24a93dca20a691deff7efd07722c38ad3c6d                         │                                                                                                                                           
│  │ Owner: Account Address ( 0xc6e7d97fc313de140b159e7ccf7b7479780ae704763fd4957c7fecbb7de9a89a )  │                                                                                                                                           
│  │ Version: 11                                                                                    │                                                                                                                                           
│  │ Digest: CC4pKizcgtM6jHm8GVQnYJ24uYwuL5kSahnxGdY42jBx                                           │                                                                                                                                           
│  └──                                                                                              │                                                                                                                                           
│                                                                                                   │                                                                                                                                           
│ Gas Cost Summary:                                                                                 │                                                                                                                                           
│    Storage Cost: 7972400                                                                          │                                                                                                                                           
│    Computation Cost: 1000000                                                                      │                                                                                                                                           
│    Storage Rebate: 978120                                                                         │                                                                                                                                           
│    Non-refundable Storage Fee: 9880                                                               │                                                                                                                                           
│                                                                                                   │                                                                                                                                           
│ Transaction Dependencies:                                                                         │                                                                                                                                           
│    C9qLRxbSkpveKzJffpaTy5P7f6BJWymShMfEF12pGNYZ                                                   │      │    HUKvecodFjttC4143fQ7LKpCNEwswvq8QyLJHiN8bJBg                                                   │
╰───────────────────────────────────────────────────────────────────────────────────────────────────╯
----- Events ----
Array []
----- Object changes ----

Created Objects: 
 ┌──
 │ ObjectID: 0x45069b1f8998eea42559b20b27c00034f091b7eaa9925c6f6edf8719cb976e59
 │ Sender: 0xc6e7d97fc313de140b159e7ccf7b7479780ae704763fd4957c7fecbb7de9a89a 
 │ Owner: Account Address ( 0xc6e7d97fc313de140b159e7ccf7b7479780ae704763fd4957c7fecbb7de9a89a )
 │ ObjectType: 0x2::package::UpgradeCap 
 │ Version: 11
 │ Digest: HwHD27EuAwSnYaEtTtToM7AvyvTptAYopd1oeWRCu7Eu
 └──

Mutated Objects: 
 ┌──
 │ ObjectID: 0x0fdf54b59043ef81b721134b62cc24a93dca20a691deff7efd07722c38ad3c6d
 │ Sender: 0xc6e7d97fc313de140b159e7ccf7b7479780ae704763fd4957c7fecbb7de9a89a 
 │ Owner: Account Address ( 0xc6e7d97fc313de140b159e7ccf7b7479780ae704763fd4957c7fecbb7de9a89a )
 │ ObjectType: 0x2::coin::Coin<0x2::sui::SUI> 
 │ Version: 11
 │ Digest: CC4pKizcgtM6jHm8GVQnYJ24uYwuL5kSahnxGdY42jBx
 └──

Published Objects: 
 ┌──
 │ PackageID: 0x03d9bf1c531b1624be013a9b6e74571e23692bfbebb5c04ff133203a2e9a6447 
 │ Version: 1 
 │ Digest: HbVRjoMXd8P5M7GTheHGq98pTmwuF6ENXTuSZbDyjH7o
 | Modules: hello_world
 └──
----- Balance changes ----
 ┌──
 │ Owner: Account Address ( 0xc6e7d97fc313de140b159e7ccf7b7479780ae704763fd4957c7fecbb7de9a89a ) 
 │ CoinType: 0x2::sui::SUI 
 │ Amount: -7994280
 └──                                       






----- Transaction Digest ----
GbxN3RCjzg43g8AnYDFKQnhMxNqAFnZ3QHjts18ayUum
╭──────────────────────────────────────────────────────────────────────────────────────────────────────╮
│ Transaction Data                                                                                     │
├──────────────────────────────────────────────────────────────────────────────────────────────────────┤
│ Sender: 0xc6e7d97fc313de140b159e7ccf7b7479780ae704763fd4957c7fecbb7de9a89a                           │
│ Gas Owner: 0xc6e7d97fc313de140b159e7ccf7b7479780ae704763fd4957c7fecbb7de9a89a                        │
│ Gas Budget: 300000000                                                                                │
│ Gas Price: 1000                                                                                      │
│ Gas Payment:                                                                                         │
│  ┌──                                                                                                 │
│  │ ID: 0x0fdf54b59043ef81b721134b62cc24a93dca20a691deff7efd07722c38ad3c6d                            │
│  │ Version: 11                                                                                       │
│  │ Digest: CC4pKizcgtM6jHm8GVQnYJ24uYwuL5kSahnxGdY42jBx                                              │
│  └──                                                                                                 │
│                                                                                                      │
│ Transaction Kind : Programmable                                                                      │
│ Inputs: []                                                                                           │
│ Commands: [                                                                                          │
│   MoveCall(0x03d9bf1c531b1624be013a9b6e74571e23692bfbebb5c04ff133203a2e9a6447::hello_world::mint()), │
│ ]                                                                                                    │
│                                                                                                      │
│                                                                                                      │
│ Signatures:                                                                                          │
│    v6I//P1UavRDXYdZJ5wfVu0SOR1tTtsleVln10FyEIv+qeQOoTqUXhJgbSlScULv0fWaob/hhNfyZjFzmu+gAQ==          │
│                                                                                                      │
╰──────────────────────────────────────────────────────────────────────────────────────────────────────╯
╭───────────────────────────────────────────────────────────────────────────────────────────────────╮
│ Transaction Effects                                                                               │
├───────────────────────────────────────────────────────────────────────────────────────────────────┤
│ Digest: GbxN3RCjzg43g8AnYDFKQnhMxNqAFnZ3QHjts18ayUum                                              │
│ Status: Success                                                                                   │
│ Executed Epoch: 1                                                                                 │
│                                                                                                   │
│ Created Objects:                                                                                  │
│  ┌──                                                                                              │
│  │ ID: 0xfaed1f84e5eeb5ba0db873ea55596dd8c9d3f01ec20b5d6184c0d8a9ca9432dc                         │
│  │ Owner: Account Address ( 0xc6e7d97fc313de140b159e7ccf7b7479780ae704763fd4957c7fecbb7de9a89a )  │
│  │ Version: 12                                                                                    │
│  │ Digest: 2ejFk3hxq8Ds3kSYEktEKMU6figavx8WEifCJPZmDXmu                                           │
│  └──                                                                                              │
│                                                                                                   │
│ Mutated Objects:                                                                                  │
│  ┌──                                                                                              │
│  │ ID: 0x0fdf54b59043ef81b721134b62cc24a93dca20a691deff7efd07722c38ad3c6d                         │
│  │ Owner: Account Address ( 0xc6e7d97fc313de140b159e7ccf7b7479780ae704763fd4957c7fecbb7de9a89a )  │
│  │ Version: 12                                                                                    │
│  │ Digest: 7Hto3JkefjURWwWmtZHyLKVRdKGpQT8RDGqJGPNTR1A8                                           │
│  └──                                                                                              │
│                                                                                                   │
│ Gas Object:                                                                                       │
│  ┌──                                                                                              │
│  │ ID: 0x0fdf54b59043ef81b721134b62cc24a93dca20a691deff7efd07722c38ad3c6d                         │
│  │ Owner: Account Address ( 0xc6e7d97fc313de140b159e7ccf7b7479780ae704763fd4957c7fecbb7de9a89a )  │
│  │ Version: 12                                                                                    │
│  │ Digest: 7Hto3JkefjURWwWmtZHyLKVRdKGpQT8RDGqJGPNTR1A8                                           │
│  └──                                                                                              │
│                                                                                                   │
│ Gas Cost Summary:                                                                                 │
│    Storage Cost: 2500400                                                                          │
│    Computation Cost: 1000000                                                                      │
│    Storage Rebate: 978120                                                                         │
│    Non-refundable Storage Fee: 9880                                                               │
│                                                                                                   │
│ Transaction Dependencies:                                                                         │
│    GG7e8TjMyt5A4k9gw7zmVfNp4T77seSv2L19oyR4CxvG                                                   │
╰───────────────────────────────────────────────────────────────────────────────────────────────────╯
----- Events ----
Array []
----- Object changes ----

Created Objects: 
 ┌──
 │ ObjectID: 0xfaed1f84e5eeb5ba0db873ea55596dd8c9d3f01ec20b5d6184c0d8a9ca9432dc
 │ Sender: 0xc6e7d97fc313de140b159e7ccf7b7479780ae704763fd4957c7fecbb7de9a89a 
 │ Owner: Account Address ( 0xc6e7d97fc313de140b159e7ccf7b7479780ae704763fd4957c7fecbb7de9a89a )
 │ ObjectType: 0x3d9bf1c531b1624be013a9b6e74571e23692bfbebb5c04ff133203a2e9a6447::hello_world::HelloWorldObject 
 │ Version: 12
 │ Digest: 2ejFk3hxq8Ds3kSYEktEKMU6figavx8WEifCJPZmDXmu
 └──

Mutated Objects: 
 ┌──
 │ ObjectID: 0x0fdf54b59043ef81b721134b62cc24a93dca20a691deff7efd07722c38ad3c6d
 │ Sender: 0xc6e7d97fc313de140b159e7ccf7b7479780ae704763fd4957c7fecbb7de9a89a 
 │ Owner: Account Address ( 0xc6e7d97fc313de140b159e7ccf7b7479780ae704763fd4957c7fecbb7de9a89a )
 │ ObjectType: 0x2::coin::Coin<0x2::sui::SUI> 
 │ Version: 12
 │ Digest: 7Hto3JkefjURWwWmtZHyLKVRdKGpQT8RDGqJGPNTR1A8
 └──
----- Balance changes ----
 ┌──
 │ Owner: Account Address ( 0xc6e7d97fc313de140b159e7ccf7b7479780ae704763fd4957c7fecbb7de9a89a ) 
 │ CoinType: 0x2::sui::SUI 
 │ Amount: -2522280
 └──                                                           